This is pdfTeX, Version 3.1415926-2.3-1.40.12 (MiKTeX 2.9) (preloaded format=pdflatex 2012.8.24)  27 SEP 2013 11:43
entering extended mode
**C:/Users/Nicolas/Dropbox/Cascade2/Vignette1/Vignette/Cascade.tex
(C:/Users/Nicolas/Dropbox/Cascade2/Vignette1/Vignette/Cascade.tex
LaTeX2e <2011/06/27>
Babel <v3.8m> and hyphenation patterns for english, afrikaans, ancientgreek, ar
abic, armenian, assamese, basque, bengali, bokmal, bulgarian, catalan, coptic, 
croatian, czech, danish, dutch, esperanto, estonian, farsi, finnish, french, ga
lician, german, german-x-2009-06-19, greek, gujarati, hindi, hungarian, iceland
ic, indonesian, interlingua, irish, italian, kannada, kurmanji, lao, latin, lat
vian, lithuanian, malayalam, marathi, mongolian, mongolianlmc, monogreek, ngerm
an, ngerman-x-2009-06-19, nynorsk, oriya, panjabi, pinyin, polish, portuguese, 
romanian, russian, sanskrit, serbian, slovak, slovenian, spanish, swedish, swis
sgerman, tamil, telugu, turkish, turkmen, ukenglish, ukrainian, uppersorbian, u
senglishmax, welsh, loaded.
("C:\Program Files (x86)\Mixtex\tex\latex\base\article.cls"
Document Class: article 2007/10/19 v1.4h Standard LaTeX document class
("C:\Program Files (x86)\Mixtex\tex\latex\base\size10.clo"
File: size10.clo 2007/10/19 v1.4h Standard LaTeX file (size option)
)
\c@part=\count79
\c@section=\count80
\c@subsection=\count81
\c@subsubsection=\count82
\c@paragraph=\count83
\c@subparagraph=\count84
\c@figure=\count85
\c@table=\count86
\abovecaptionskip=\skip41
\belowcaptionskip=\skip42
\bibindent=\dimen102
)
("C:\Program Files (x86)\Mixtex\tex\latex\ams\math\amsmath.sty"
Package: amsmath 2000/07/18 v2.13 AMS math features
\@mathmargin=\skip43

For additional information on amsmath, use the `?' option.
("C:\Program Files (x86)\Mixtex\tex\latex\ams\math\amstext.sty"
Package: amstext 2000/06/29 v2.01

("C:\Program Files (x86)\Mixtex\tex\latex\ams\math\amsgen.sty"
File: amsgen.sty 1999/11/30 v2.0
\@emptytoks=\toks14
\ex@=\dimen103
))
("C:\Program Files (x86)\Mixtex\tex\latex\ams\math\amsbsy.sty"
Package: amsbsy 1999/11/29 v1.2d
\pmbraise@=\dimen104
)
("C:\Program Files (x86)\Mixtex\tex\latex\ams\math\amsopn.sty"
Package: amsopn 1999/12/14 v2.01 operator names
)
\inf@bad=\count87
LaTeX Info: Redefining \frac on input line 211.
\uproot@=\count88
\leftroot@=\count89
LaTeX Info: Redefining \overline on input line 307.
\classnum@=\count90
\DOTSCASE@=\count91
LaTeX Info: Redefining \ldots on input line 379.
LaTeX Info: Redefining \dots on input line 382.
LaTeX Info: Redefining \cdots on input line 467.
\Mathstrutbox@=\box26
\strutbox@=\box27
\big@size=\dimen105
LaTeX Font Info:    Redeclaring font encoding OML on input line 567.
LaTeX Font Info:    Redeclaring font encoding OMS on input line 568.
\macc@depth=\count92
\c@MaxMatrixCols=\count93
\dotsspace@=\muskip10
\c@parentequation=\count94
\dspbrk@lvl=\count95
\tag@help=\toks15
\row@=\count96
\column@=\count97
\maxfields@=\count98
\andhelp@=\toks16
\eqnshift@=\dimen106
\alignsep@=\dimen107
\tagshift@=\dimen108
\tagwidth@=\dimen109
\totwidth@=\dimen110
\lineht@=\dimen111
\@envbody=\toks17
\multlinegap=\skip44
\multlinetaggap=\skip45
\mathdisplay@stack=\toks18
LaTeX Info: Redefining \[ on input line 2666.
LaTeX Info: Redefining \] on input line 2667.
)
("C:\Program Files (x86)\Mixtex\tex\latex\amsfonts\amsfonts.sty"
Package: amsfonts 2009/06/22 v3.00 Basic AMSFonts support
\symAMSa=\mathgroup4
\symAMSb=\mathgroup5
LaTeX Font Info:    Overwriting math alphabet `\mathfrak' in version `bold'
(Font)                  U/euf/m/n --> U/euf/b/n on input line 96.
)
("C:\Program Files (x86)\Mixtex\tex\latex\amsfonts\amssymb.sty"
Package: amssymb 2009/06/22 v3.00
)
(C:\Users\Nicolas\Dropbox\Cascade2\Vignette1\Vignette\apalike.sty
\bibhang=\skip46
)
("C:\Program Files (x86)\Mixtex\tex\latex\hyperref\hyperref.sty"
Package: hyperref 2012/05/13 v6.82q Hypertext links for LaTeX

("C:\Program Files (x86)\Mixtex\tex\generic\oberdiek\hobsub-hyperref.sty"
Package: hobsub-hyperref 2012/04/25 v1.12 Bundle oberdiek, subset hyperref (HO)


("C:\Program Files (x86)\Mixtex\tex\generic\oberdiek\hobsub-generic.sty"
Package: hobsub-generic 2012/04/25 v1.12 Bundle oberdiek, subset generic (HO)
Package: hobsub 2012/04/25 v1.12 Construct package bundles (HO)
Package: infwarerr 2010/04/08 v1.3 Providing info/warning/error messages (HO)
Package: ltxcmds 2011/11/09 v1.22 LaTeX kernel commands for general use (HO)
Package: ifluatex 2010/03/01 v1.3 Provides the ifluatex switch (HO)
Package ifluatex Info: LuaTeX not detected.
Package: ifvtex 2010/03/01 v1.5 Detect VTeX and its facilities (HO)
Package ifvtex Info: VTeX not detected.
Package: intcalc 2007/09/27 v1.1 Expandable calculations with integers (HO)
Package: ifpdf 2011/01/30 v2.3 Provides the ifpdf switch (HO)
Package ifpdf Info: pdfTeX in PDF mode is detected.
Package: etexcmds 2011/02/16 v1.5 Avoid name clashes with e-TeX commands (HO)
Package etexcmds Info: Could not find \expanded.
(etexcmds)             That can mean that you are not using pdfTeX 1.50 or
(etexcmds)             that some package has redefined \expanded.
(etexcmds)             In the latter case, load this package earlier.
Package: kvsetkeys 2012/04/25 v1.16 Key value parser (HO)
Package: kvdefinekeys 2011/04/07 v1.3 Define keys (HO)
Package: pdftexcmds 2011/11/29 v0.20 Utility functions of pdfTeX for LuaTeX (HO
)
Package pdftexcmds Info: LuaTeX not detected.
Package pdftexcmds Info: \pdf@primitive is available.
Package pdftexcmds Info: \pdf@ifprimitive is available.
Package pdftexcmds Info: \pdfdraftmode found.
Package: pdfescape 2011/11/25 v1.13 Implements pdfTeX's escape features (HO)
Package: bigintcalc 2012/04/08 v1.3 Expandable calculations on big integers (HO
)
Package: bitset 2011/01/30 v1.1 Handle bit-vector datatype (HO)
Package: uniquecounter 2011/01/30 v1.2 Provide unlimited unique counter (HO)
)
Package hobsub Info: Skipping package `hobsub' (already loaded).
Package: letltxmacro 2010/09/02 v1.4 Let assignment for LaTeX macros (HO)
Package: hopatch 2011/06/24 v1.1 Wrapper for package hooks (HO)
Package: xcolor-patch 2011/01/30 xcolor patch
Package: atveryend 2011/06/30 v1.8 Hooks at the very end of document (HO)
Package atveryend Info: \enddocument detected (standard20110627).
Package: atbegshi 2011/10/05 v1.16 At begin shipout hook (HO)
Package: refcount 2011/10/16 v3.4 Data extraction from label references (HO)
Package: hycolor 2011/01/30 v1.7 Color options for hyperref/bookmark (HO)
)
("C:\Program Files (x86)\Mixtex\tex\latex\graphics\keyval.sty"
Package: keyval 1999/03/16 v1.13 key=value parser (DPC)
\KV@toks@=\toks19
)
("C:\Program Files (x86)\Mixtex\tex\generic\ifxetex\ifxetex.sty"
Package: ifxetex 2010/09/12 v0.6 Provides ifxetex conditional
)
("C:\Program Files (x86)\Mixtex\tex\latex\oberdiek\kvoptions.sty"
Package: kvoptions 2011/06/30 v3.11 Key value format for package options (HO)
)
\@linkdim=\dimen112
\Hy@linkcounter=\count99
\Hy@pagecounter=\count100

("C:\Program Files (x86)\Mixtex\tex\latex\hyperref\pd1enc.def"
File: pd1enc.def 2012/05/13 v6.82q Hyperref: PDFDocEncoding definition (HO)
)
\Hy@SavedSpaceFactor=\count101

("C:\Program Files (x86)\Mixtex\tex\latex\00miktex\hyperref.cfg"
File: hyperref.cfg 2002/06/06 v1.2 hyperref configuration of TeXLive
)
Package hyperref Info: Hyper figures OFF on input line 4062.
Package hyperref Info: Link nesting OFF on input line 4067.
Package hyperref Info: Hyper index ON on input line 4070.
Package hyperref Info: Plain pages OFF on input line 4077.
Package hyperref Info: Backreferencing OFF on input line 4082.
Package hyperref Info: Implicit mode ON; LaTeX internals redefined.
Package hyperref Info: Bookmarks ON on input line 4300.
\c@Hy@tempcnt=\count102

("C:\Program Files (x86)\Mixtex\tex\latex\ltxmisc\url.sty"
\Urlmuskip=\muskip11
Package: url 2006/04/12  ver 3.3  Verb mode for urls, etc.
)
LaTeX Info: Redefining \url on input line 4653.
\Fld@menulength=\count103
\Field@Width=\dimen113
\Fld@charsize=\dimen114
Package hyperref Info: Hyper figures OFF on input line 5773.
Package hyperref Info: Link nesting OFF on input line 5778.
Package hyperref Info: Hyper index ON on input line 5781.
Package hyperref Info: backreferencing OFF on input line 5788.
Package hyperref Info: Link coloring OFF on input line 5793.
Package hyperref Info: Link coloring with OCG OFF on input line 5798.
Package hyperref Info: PDF/A mode OFF on input line 5803.
LaTeX Info: Redefining \ref on input line 5843.
LaTeX Info: Redefining \pageref on input line 5847.
\Hy@abspage=\count104
\c@Item=\count105
\c@Hfootnote=\count106
)

Package hyperref Message: Driver (autodetected): hpdftex.

("C:\Program Files (x86)\Mixtex\tex\latex\hyperref\hpdftex.def"
File: hpdftex.def 2012/05/13 v6.82q Hyperref driver for pdfTeX
\Fld@listcount=\count107
\c@bookmark@seq@number=\count108

("C:\Program Files (x86)\Mixtex\tex\latex\oberdiek\rerunfilecheck.sty"
Package: rerunfilecheck 2011/04/15 v1.7 Rerun checks for auxiliary files (HO)
Package uniquecounter Info: New unique counter `rerunfilecheck' on input line 2
82.
)
\Hy@SectionHShift=\skip47
)
("C:\Program Files (x86)\Mixtex\tex\latex\geometry\geometry.sty"
Package: geometry 2010/09/12 v5.6 Page Geometry
\Gm@cnth=\count109
\Gm@cntv=\count110
\c@Gm@tempcnt=\count111
\Gm@bindingoffset=\dimen115
\Gm@wd@mp=\dimen116
\Gm@odd@mp=\dimen117
\Gm@even@mp=\dimen118
\Gm@layoutwidth=\dimen119
\Gm@layoutheight=\dimen120
\Gm@layouthoffset=\dimen121
\Gm@layoutvoffset=\dimen122
\Gm@dimlist=\toks20

("C:\Program Files (x86)\Mixtex\tex\latex\geometry\geometry.cfg"))
("C:\Program Files (x86)\Mixtex\tex\latex\tools\calc.sty"
Package: calc 2007/08/22 v4.3 Infix arithmetic (KKT,FJ)
\calc@Acount=\count112
\calc@Bcount=\count113
\calc@Adimen=\dimen123
\calc@Bdimen=\dimen124
\calc@Askip=\skip48
\calc@Bskip=\skip49
LaTeX Info: Redefining \setlength on input line 76.
LaTeX Info: Redefining \addtolength on input line 77.
\calc@Ccount=\count114
\calc@Cskip=\skip50
)
("C:\Program Files (x86)\Mixtex\tex\latex\graphics\color.sty"
Package: color 2005/11/14 v1.0j Standard LaTeX Color (DPC)

("C:\Program Files (x86)\Mixtex\tex\latex\00miktex\color.cfg"
File: color.cfg 2007/01/18 v1.5 color configuration of teTeX/TeXLive
)
Package color Info: Driver file: pdftex.def on input line 130.

("C:\Program Files (x86)\Mixtex\tex\latex\pdftex-def\pdftex.def"
File: pdftex.def 2011/05/27 v0.06d Graphics/color for pdfTeX
\Gread@gobject=\count115
))
(C:\Users\Nicolas\Dropbox\Cascade2\Vignette1\Vignette\Sweave.sty
Package: Sweave 

("C:\Program Files (x86)\Mixtex\tex\latex\base\ifthen.sty"
Package: ifthen 2001/05/26 v1.1c Standard LaTeX ifthen package (DPC)
)
("C:\Program Files (x86)\Mixtex\tex\latex\graphics\graphicx.sty"
Package: graphicx 1999/02/16 v1.0f Enhanced LaTeX Graphics (DPC,SPQR)

("C:\Program Files (x86)\Mixtex\tex\latex\graphics\graphics.sty"
Package: graphics 2009/02/05 v1.0o Standard LaTeX Graphics (DPC,SPQR)

("C:\Program Files (x86)\Mixtex\tex\latex\graphics\trig.sty"
Package: trig 1999/03/16 v1.09 sin cos tan (DPC)
)
("C:\Program Files (x86)\Mixtex\tex\latex\00miktex\graphics.cfg"
File: graphics.cfg 2007/01/18 v1.5 graphics configuration of teTeX/TeXLive
)
Package graphics Info: Driver file: pdftex.def on input line 91.
)
\Gin@req@height=\dimen125
\Gin@req@width=\dimen126
)
("C:\Program Files (x86)\Mixtex\tex\latex\fancyvrb\fancyvrb.sty"
Package: fancyvrb 2008/02/07

Style option: `fancyvrb' v2.7a, with DG/SPQR fixes, and firstline=lastline fix 
<2008/02/07> (tvz)
\FV@CodeLineNo=\count116
\FV@InFile=\read1
\FV@TabBox=\box28
\c@FancyVerbLine=\count117
\FV@StepNumber=\count118
\FV@OutFile=\write3
)
("C:\Program Files (x86)\Mixtex\tex\latex\upquote\upquote.sty"
Package: upquote 2012/04/19 v1.3 upright-quote and grave-accent glyphs in verba
tim
)
("C:\Program Files (x86)\Mixtex\tex\latex\base\fontenc.sty"
Package: fontenc 2005/09/27 v1.99g Standard LaTeX package

("C:\Program Files (x86)\Mixtex\tex\latex\base\t1enc.def"
File: t1enc.def 2005/09/27 v1.99g Standard LaTeX file
LaTeX Font Info:    Redeclaring font encoding T1 on input line 43.
))
("C:\Program Files (x86)\Mixtex\tex\latex\ae\ae.sty"
Package: ae 2001/02/12 1.3 Almost European Computer Modern

("C:\Program Files (x86)\Mixtex\tex\latex\base\fontenc.sty"
Package: fontenc 2005/09/27 v1.99g Standard LaTeX package

("C:\Program Files (x86)\Mixtex\tex\latex\base\t1enc.def"
File: t1enc.def 2005/09/27 v1.99g Standard LaTeX file
LaTeX Font Info:    Redeclaring font encoding T1 on input line 43.
)
LaTeX Font Info:    Try loading font information for T1+aer on input line 100.

("C:\Program Files (x86)\Mixtex\tex\latex\ae\t1aer.fd"
File: t1aer.fd 1997/11/16 Font definitions for T1/aer.
))))
(C:\Users\Nicolas\Dropbox\Cascade2\Vignette1\Vignette\Cascade.aux)
LaTeX Font Info:    Checking defaults for OML/cmm/m/it on input line 28.
LaTeX Font Info:    ... okay on input line 28.
LaTeX Font Info:    Checking defaults for T1/cmr/m/n on input line 28.
LaTeX Font Info:    ... okay on input line 28.
LaTeX Font Info:    Checking defaults for OT1/cmr/m/n on input line 28.
LaTeX Font Info:    ... okay on input line 28.
LaTeX Font Info:    Checking defaults for OMS/cmsy/m/n on input line 28.
LaTeX Font Info:    ... okay on input line 28.
LaTeX Font Info:    Checking defaults for OMX/cmex/m/n on input line 28.
LaTeX Font Info:    ... okay on input line 28.
LaTeX Font Info:    Checking defaults for U/cmr/m/n on input line 28.
LaTeX Font Info:    ... okay on input line 28.
LaTeX Font Info:    Checking defaults for PD1/pdf/m/n on input line 28.
LaTeX Font Info:    ... okay on input line 28.
\AtBeginShipoutBox=\box29
Package hyperref Info: Link coloring OFF on input line 28.

("C:\Program Files (x86)\Mixtex\tex\latex\hyperref\nameref.sty"
Package: nameref 2010/04/30 v2.40 Cross-referencing by name of section

("C:\Program Files (x86)\Mixtex\tex\generic\oberdiek\gettitlestring.sty"
Package: gettitlestring 2010/12/03 v1.4 Cleanup title references (HO)
)
\c@section@level=\count119
)
LaTeX Info: Redefining \ref on input line 28.
LaTeX Info: Redefining \pageref on input line 28.
LaTeX Info: Redefining \nameref on input line 28.

(C:\Users\Nicolas\Dropbox\Cascade2\Vignette1\Vignette\Cascade.out)
(C:\Users\Nicolas\Dropbox\Cascade2\Vignette1\Vignette\Cascade.out)
\@outlinefile=\write4

*geometry* driver: auto-detecting
*geometry* detected driver: pdftex
*geometry* verbose mode - [ preamble ] result:
* driver: pdftex
* paper: a4paper
* layout: <same size as paper>
* layoutoffset:(h,v)=(0.0pt,0.0pt)
* modes: 
* h-part:(L,W,R)=(74.68848pt, 448.1309pt, 74.68849pt)
* v-part:(T,H,B)=(84.50467pt, 633.78513pt, 126.75705pt)
* \paperwidth=597.50787pt
* \paperheight=845.04684pt
* \textwidth=448.1309pt
* \textheight=633.78513pt
* \oddsidemargin=2.41849pt
* \evensidemargin=2.41849pt
* \topmargin=-24.76532pt
* \headheight=12.0pt
* \headsep=25.0pt
* \topskip=10.0pt
* \footskip=30.0pt
* \marginparwidth=57.0pt
* \marginparsep=11.0pt
* \columnsep=10.0pt
* \skip\footins=9.0pt plus 4.0pt minus 2.0pt
* \hoffset=0.0pt
* \voffset=0.0pt
* \mag=1000
* \@twocolumnfalse
* \@twosidefalse
* \@mparswitchfalse
* \@reversemarginfalse
* (1in=72.27pt=25.4mm, 1cm=28.453pt)

("C:\Program Files (x86)\Mixtex\tex\context\base\supp-pdf.mkii"
[Loading MPS to PDF converter (version 2006.09.02).]
\scratchcounter=\count120
\scratchdimen=\dimen127
\scratchbox=\box30
\nofMPsegments=\count121
\nofMParguments=\count122
\everyMPshowfont=\toks21
\MPscratchCnt=\count123
\MPscratchDim=\dimen128
\MPnumerator=\count124
\makeMPintoPDFobject=\count125
\everyMPtoPDFconversion=\toks22
)
LaTeX Font Info:    Try loading font information for U+msa on input line 38.
 ("C:\Program Files (x86)\Mixtex\tex\latex\amsfonts\umsa.fd"
File: umsa.fd 2009/06/22 v3.00 AMS symbols A
)
LaTeX Font Info:    Try loading font information for U+msb on input line 38.

("C:\Program Files (x86)\Mixtex\tex\latex\amsfonts\umsb.fd"
File: umsb.fd 2009/06/22 v3.00 AMS symbols B
)
LaTeX Font Info:    Try loading font information for OMS+aer on input line 51.

("C:\Program Files (x86)\Mixtex\tex\latex\ae\omsaer.fd"
File: omsaer.fd 1999/12/27
)
LaTeX Font Info:    Font shape `OMS/aer/m/n' in size <10> not available
(Font)              Font shape `OMS/cmsy/m/n' tried instead on input line 51.
LaTeX Font Info:    Try loading font information for T1+aett on input line 51.

("C:\Program Files (x86)\Mixtex\tex\latex\ae\t1aett.fd"
File: t1aett.fd 1997/11/16 Font definitions for T1/aett.
)
Underfull \hbox (badness 3679) in paragraph at lines 51--51
[]\T1/aer/m/n/10 The man-ual for the Cas-cade pack-age is avail-able thanks to 
the R-command:
 []

(C:\Users\Nicolas\Dropbox\Cascade2\Vignette1\Vignette\Cascade.toc)
\tf@toc=\write5
 [1

{C:/Users/Nicolas/AppData/Local/MiKTeX/2.9/pdftex/config/pdftex.map}]
Underfull \hbox (badness 10000) in paragraph at lines 72--77

 []


Underfull \hbox (badness 10000) in paragraph at lines 78--79

 []

<casc.pdf, id=90, 500.87125pt x 401.5pt>
File: casc.pdf Graphic file (type pdf)
 <use casc.pdf>
Package pdftex.def Info: casc.pdf used on input line 90.
(pdftex.def)             Requested size: 256.0748pt x 205.2769pt.
 [2

 <C:/Users/Nicolas/Dropbox/Cascade2/Vignette1/Vignette/casc.pdf>] [3

]
Underfull \hbox (badness 10000) in paragraph at lines 233--234

 []


Underfull \hbox (badness 10000) in paragraph at lines 242--245

 []

[4]
Underfull \hbox (badness 10000) in paragraph at lines 262--263

 []

[5]
*geometry* verbose mode - [ newgeometry ] result:
* driver: pdftex
* paper: a4paper
* layout: <same size as paper>
* layoutoffset:(h,v)=(0.0pt,0.0pt)
* modes: 
* h-part:(L,W,R)=(44.81126pt, 507.88533pt, 44.81128pt)
* v-part:(T,H,B)=(50.70074pt, 718.29497pt, 76.05113pt)
* \paperwidth=597.50787pt
* \paperheight=845.04684pt
* \textwidth=507.88533pt
* \textheight=718.29497pt
* \oddsidemargin=-27.45872pt
* \evensidemargin=-27.45872pt
* \topmargin=-58.56924pt
* \headheight=12.0pt
* \headsep=25.0pt
* \topskip=10.0pt
* \footskip=30.0pt
* \marginparwidth=57.0pt
* \marginparsep=11.0pt
* \columnsep=10.0pt
* \skip\footins=9.0pt plus 4.0pt minus 2.0pt
* \hoffset=0.0pt
* \voffset=0.0pt
* \mag=1000
* \@twocolumnfalse
* \@twosidefalse
* \@mparswitchfalse
* \@reversemarginfalse
* (1in=72.27pt=25.4mm, 1cm=28.453pt)

 <Cascade-fig1.pdf, id=138, 482.80376pt x 482.80376pt>
File: Cascade-fig1.pdf Graphic file (type pdf)

<use Cascade-fig1.pdf>
Package pdftex.def Info: Cascade-fig1.pdf used on input line 280.
(pdftex.def)             Requested size: 369.88582pt x 342.77563pt.
 <Cascade-fig2.pdf, id=140, 619.31375pt x 542.025pt>
File: Cascade-fig2.pdf Graphic file (type pdf)

<use Cascade-fig2.pdf>
Package pdftex.def Info: Cascade-fig2.pdf used on input line 282.
(pdftex.def)             Requested size: 406.3098pt x 344.57777pt.


LaTeX Warning: Float too large for page by 17.93832pt on input line 284.

[6 <C:/Users/Nicolas/Dropbox/Cascade2/Vignette1/Vignette/Cascade-fig1.pdf> <C:/
Users/Nicolas/Dropbox/Cascade2/Vignette1/Vignette/Cascade-fig2.pdf>]
Underfull \hbox (badness 10000) in paragraph at lines 289--290

 []


Underfull \hbox (badness 10000) in paragraph at lines 304--305

 []


Underfull \hbox (badness 10000) in paragraph at lines 332--333

 []

[7


] [8]
*geometry* verbose mode - [ newgeometry ] result:
* driver: pdftex
* paper: a4paper
* layout: <same size as paper>
* layoutoffset:(h,v)=(0.0pt,0.0pt)
* modes: 
* h-part:(L,W,R)=(44.81126pt, 507.88533pt, 44.81128pt)
* v-part:(T,H,B)=(50.70074pt, 718.29497pt, 76.05113pt)
* \paperwidth=597.50787pt
* \paperheight=845.04684pt
* \textwidth=507.88533pt
* \textheight=718.29497pt
* \oddsidemargin=-27.45872pt
* \evensidemargin=-27.45872pt
* \topmargin=-58.56924pt
* \headheight=12.0pt
* \headsep=25.0pt
* \topskip=10.0pt
* \footskip=30.0pt
* \marginparwidth=57.0pt
* \marginparsep=11.0pt
* \columnsep=10.0pt
* \skip\footins=9.0pt plus 4.0pt minus 2.0pt
* \hoffset=0.0pt
* \voffset=0.0pt
* \mag=1000
* \@twocolumnfalse
* \@twosidefalse
* \@mparswitchfalse
* \@reversemarginfalse
* (1in=72.27pt=25.4mm, 1cm=28.453pt)

 <z.pdf, id=169, 1445.4pt x 1445.4pt>
File: z.pdf Graphic file (type pdf)
 <use z.pdf>
Package pdftex.def Info: z.pdf used on input line 399.
(pdftex.def)             Requested size: 483.69684pt x 483.6882pt.
 [9 <C:/Users/Nicolas/Dropbox/Cascade2/Vignette1/Vignette/z.pdf>]
Underfull \hbox (badness 10000) in paragraph at lines 420--421

 []


Underfull \hbox (badness 10000) in paragraph at lines 439--440

 []


Underfull \hbox (badness 10000) in paragraph at lines 448--449

 []

[10


]
Underfull \hbox (badness 10000) in paragraph at lines 488--492

 []


Underfull \hbox (badness 10000) in paragraph at lines 493--494

 []


Underfull \hbox (badness 10000) in paragraph at lines 502--503

 []


Underfull \hbox (badness 10000) in paragraph at lines 508--509

 []


Underfull \hbox (badness 10000) in paragraph at lines 537--538

 []

[11]
Underfull \hbox (badness 10000) in paragraph at lines 541--542

 []


Underfull \hbox (badness 10000) in paragraph at lines 543--545
[]\T1/aer/m/n/10 However, if clus-ters are suf-fi-ciently ho-mo-ge-neous, in-fe
r-ence of ma-tri-ces
 []


Underfull \hbox (badness 10000) in paragraph at lines 543--545

 []


Underfull \hbox (badness 10000) in paragraph at lines 546--547
[]\T1/aer/m/n/10 To get a more ro-bust re-sult, at each step, the es-ti-ma-tion
 of ma-tri-ces
 []


Underfull \hbox (badness 10000) in paragraph at lines 586--587

 []

<Cascade-fig3.pdf, id=213, 578.16pt x 578.16pt>
File: Cascade-fig3.pdf Graphic file (type pdf)
 <use Cascade-fig3.pdf>
Package pdftex.def Info: Cascade-fig3.pdf used on input line 592.
(pdftex.def)             Requested size: 284.52756pt x 284.52713pt.
 [12]
[13 <C:/Users/Nicolas/Dropbox/Cascade2/Vignette1/Vignette/Cascade-fig3.pdf>]
*geometry* verbose mode - [ newgeometry ] result:
* driver: pdftex
* paper: a4paper
* layout: <same size as paper>
* layoutoffset:(h,v)=(0.0pt,0.0pt)
* modes: 
* h-part:(L,W,R)=(44.81126pt, 507.88533pt, 44.81128pt)
* v-part:(T,H,B)=(50.70074pt, 718.29497pt, 76.05113pt)
* \paperwidth=597.50787pt
* \paperheight=845.04684pt
* \textwidth=507.88533pt
* \textheight=718.29497pt
* \oddsidemargin=-27.45872pt
* \evensidemargin=-27.45872pt
* \topmargin=-58.56924pt
* \headheight=12.0pt
* \headsep=25.0pt
* \topskip=10.0pt
* \footskip=30.0pt
* \marginparwidth=57.0pt
* \marginparsep=11.0pt
* \columnsep=10.0pt
* \skip\footins=9.0pt plus 4.0pt minus 2.0pt
* \hoffset=0.0pt
* \voffset=0.0pt
* \mag=1000
* \@twocolumnfalse
* \@twosidefalse
* \@mparswitchfalse
* \@reversemarginfalse
* (1in=72.27pt=25.4mm, 1cm=28.453pt)


<Cascade-fig4.pdf, id=234, 1445.4pt x 1084.05pt>
File: Cascade-fig4.pdf Graphic file (type pdf)
 <use Cascade-fig4.pdf>
Package pdftex.def Info: Cascade-fig4.pdf used on input line 599.
(pdftex.def)             Requested size: 406.3098pt x 301.18695pt.

Overfull \hbox (4.36594pt too wide) in paragraph at lines 599--600
 [][] 
 []

[14 <C:/Users/Nicolas/Dropbox/Cascade2/Vignette1/Vignette/Cascade-fig4.pdf>]
Underfull \hbox (badness 10000) in paragraph at lines 647--648

 []

[15


]
*geometry* verbose mode - [ newgeometry ] result:
* driver: pdftex
* paper: a4paper
* layout: <same size as paper>
* layoutoffset:(h,v)=(0.0pt,0.0pt)
* modes: 
* h-part:(L,W,R)=(44.81126pt, 507.88533pt, 44.81128pt)
* v-part:(T,H,B)=(50.70074pt, 718.29497pt, 76.05113pt)
* \paperwidth=597.50787pt
* \paperheight=845.04684pt
* \textwidth=507.88533pt
* \textheight=718.29497pt
* \oddsidemargin=-27.45872pt
* \evensidemargin=-27.45872pt
* \topmargin=-58.56924pt
* \headheight=12.0pt
* \headsep=25.0pt
* \topskip=10.0pt
* \footskip=30.0pt
* \marginparwidth=57.0pt
* \marginparsep=11.0pt
* \columnsep=10.0pt
* \skip\footins=9.0pt plus 4.0pt minus 2.0pt
* \hoffset=0.0pt
* \voffset=0.0pt
* \mag=1000
* \@twocolumnfalse
* \@twosidefalse
* \@mparswitchfalse
* \@reversemarginfalse
* (1in=72.27pt=25.4mm, 1cm=28.453pt)

 <Cascade-fig5.pdf, id=267, 1084.05pt x 794.97pt>
File: Cascade-fig5.pdf Graphic file (type pdf)
 <use Cascade-fig5.pdf>
Package pdftex.def Info: Cascade-fig5.pdf used on input line 658.
(pdftex.def)             Requested size: 406.3098pt x 273.73637pt.

<Cascade-fig6.pdf, id=269, 482.80376pt x 482.80376pt>
File: Cascade-fig6.pdf Graphic file (type pdf)
 <use Cascade-fig6.pdf>
Package pdftex.def Info: Cascade-fig6.pdf used on input line 660.
(pdftex.def)             Requested size: 284.52756pt x 284.53497pt.

[16 <C:/Users/Nicolas/Dropbox/Cascade2/Vignette1/Vignette/Cascade-fig5.pdf> <C:
/Users/Nicolas/Dropbox/Cascade2/Vignette1/Vignette/Cascade-fig6.pdf>]
Underfull \hbox (badness 10000) in paragraph at lines 700--701

 []


Underfull \hbox (badness 10000) in paragraph at lines 712--713

 []

[17


]
Underfull \hbox (badness 10000) in paragraph at lines 753--754

 []

<Cascade-fig7.pdf, id=302, 1084.05pt x 722.7pt>
File: Cascade-fig7.pdf Graphic file (type pdf)
 <use Cascade-fig7.pdf>
Package pdftex.def Info: Cascade-fig7.pdf used on input line 786.
(pdftex.def)             Requested size: 358.50609pt x 213.11433pt.

Overfull \hbox (35.57004pt too wide) in paragraph at lines 786--787
 [][] 
 []

<Cascade-fig8.pdf, id=304, 1084.05pt x 722.7pt>
File: Cascade-fig8.pdf Graphic file (type pdf)
 <use Cascade-fig8.pdf>
Package pdftex.def Info: Cascade-fig8.pdf used on input line 788.
(pdftex.def)             Requested size: 358.50609pt x 213.11433pt.

Overfull \hbox (35.57004pt too wide) in paragraph at lines 788--789
 [][] 
 []


LaTeX Warning: Float too large for page by 0.2279pt on input line 790.


Underfull \hbox (badness 10000) in paragraph at lines 797--798

 []

[18] [19 <C:/Users/Nicolas/Dropbox/Cascade2/Vignette1/Vignette/Cascade-fig7.pdf
> <C:/Users/Nicolas/Dropbox/Cascade2/Vignette1/Vignette/Cascade-fig8.pdf>]
Underfull \hbox (badness 10000) in paragraph at lines 869--872

 []

[20] <Cascade-042.pdf, id=349, 482.80376pt x 482.80376pt>
File: Cascade-042.pdf Graphic file (type pdf)

<use Cascade-042.pdf>
Package pdftex.def Info: Cascade-042.pdf used on input line 884.
(pdftex.def)             Requested size: 358.50609pt x 358.52158pt.
 <Cascade-fig10.pdf, id=350, 361.35pt x 361.35pt>
File: Cascade-fig10.pdf Graphic file (type pdf)

<use Cascade-fig10.pdf>
Package pdftex.def Info: Cascade-fig10.pdf used on input line 886.
(pdftex.def)             Requested size: 284.52756pt x 284.53156pt.
 <subject_evol.pdf, id=352, 505.89pt x 505.89pt>
File: subject_evol.pdf Graphic file (type pdf)

<use subject_evol.pdf>
Package pdftex.def Info: subject_evol.pdf used on input line 894.
(pdftex.def)             Requested size: 358.50609pt x 358.51283pt.
 [21 <C:/Users/Nicolas/Dropbox/Cascade2/Vignette1/Vignette/Cascade-fig10.pdf> <
C:/Users/Nicolas/Dropbox/Cascade2/Vignette1/Vignette/Cascade-042.pdf>] [22 <C:/
Users/Nicolas/Dropbox/Cascade2/Vignette1/Vignette/subject_evol.pdf>] (C:\Users\
Nicolas\Dropbox\Cascade2\Vignette1\Vignette\Cascade.bbl)
Package atveryend Info: Empty hook `BeforeClearDocument' on input line 902.

[23

]
Package atveryend Info: Empty hook `AfterLastShipout' on input line 902.
 (C:\Users\Nicolas\Dropbox\Cascade2\Vignette1\Vignette\Cascade.aux)
Package atveryend Info: Executing hook `AtVeryEndDocument' on input line 902.
Package atveryend Info: Executing hook `AtEndAfterFileList' on input line 902.
Package rerunfilecheck Info: File `Cascade.out' has not changed.
(rerunfilecheck)             Checksum: 340B0F07F4C7708B20E76CCF2C0EE9D1;961.
Package atveryend Info: Empty hook `AtVeryVeryEnd' on input line 902.
 ) 
Here is how much of TeX's memory you used:
 7240 strings out of 494045
 103021 string characters out of 3147575
 198027 words of memory out of 3000000
 10310 multiletter control sequences out of 15000+200000
 37148 words of font info for 86 fonts, out of 3000000 for 9000
 715 hyphenation exceptions out of 8191
 35i,12n,28p,548b,501s stack positions out of 5000i,500n,10000p,200000b,50000s
<C:/Program Files (x86)/Mixtex/fonts/type1/public/amsfonts/cm/cmbx10.pfb><C:/
Program Files (x86)/Mixtex/fonts/type1/public/amsfonts/cm/cmbx12.pfb><C:/Progra
m Files (x86)/Mixtex/fonts/type1/public/amsfonts/cm/cmex10.pfb><C:/Program File
s (x86)/Mixtex/fonts/type1/public/amsfonts/cm/cmmi10.pfb><C:/Program Files (x86
)/Mixtex/fonts/type1/public/amsfonts/cm/cmmi5.pfb><C:/Program Files (x86)/Mixte
x/fonts/type1/public/amsfonts/cm/cmmi7.pfb><C:/Program Files (x86)/Mixtex/fonts
/type1/public/amsfonts/cm/cmmib10.pfb><C:/Program Files (x86)/Mixtex/fonts/type
1/public/amsfonts/cmextra/cmmib7.pfb><C:/Program Files (x86)/Mixtex/fonts/type1
/public/amsfonts/cm/cmr10.pfb><C:/Program Files (x86)/Mixtex/fonts/type1/public
/amsfonts/cm/cmr12.pfb><C:/Program Files (x86)/Mixtex/fonts/type1/public/amsfon
ts/cm/cmr17.pfb><C:/Program Files (x86)/Mixtex/fonts/type1/public/amsfonts/cm/c
mr5.pfb><C:/Program Files (x86)/Mixtex/fonts/type1/public/amsfonts/cm/cmr7.pfb>
<C:/Program Files (x86)/Mixtex/fonts/type1/public/amsfonts/cm/cmsy10.pfb><C:/Pr
ogram Files (x86)/Mixtex/fonts/type1/public/amsfonts/cm/cmsy5.pfb><C:/Program F
iles (x86)/Mixtex/fonts/type1/public/amsfonts/cm/cmsy7.pfb><C:/Program Files (x
86)/Mixtex/fonts/type1/public/amsfonts/cm/cmti10.pfb><C:/Program Files (x86)/Mi
xtex/fonts/type1/public/amsfonts/cm/cmtt10.pfb><C:/Program Files (x86)/Mixtex/f
onts/type1/public/amsfonts/symbols/msam10.pfb><C:/Program Files (x86)/Mixtex/fo
nts/type1/public/amsfonts/symbols/msam7.pfb><C:/Program Files (x86)/Mixtex/font
s/type1/public/amsfonts/symbols/msbm7.pfb>
Output written on Cascade.pdf (23 pages, 1127831 bytes).
PDF statistics:
 550 PDF objects out of 1000 (max. 8388607)
 79 named destinations out of 1000 (max. 500000)
 212 words of extra memory for PDF output out of 10000 (max. 10000000)

